<?xml version="1.0" encoding="UTF-8"?>
<testsuite xmlns:xsi="http://www.w3.org/2001/XMLSchema-instance" xsi:noNamespaceSchemaLocation="https://maven.apache.org/surefire/maven-surefire-plugin/xsd/surefire-test-report.xsd" name="TestSuite" time="26.746" tests="29" errors="0" skipped="0" failures="12">
  <properties>
    <property name="sun.desktop" value="windows"/>
    <property name="awt.toolkit" value="sun.awt.windows.WToolkit"/>
    <property name="file.encoding.pkg" value="sun.io"/>
    <property name="java.specification.version" value="1.8"/>
    <property name="sun.cpu.isalist" value="amd64"/>
    <property name="sun.jnu.encoding" value="Cp1252"/>
    <property name="java.class.path" value="C:\Users\user\eclipse-workspace\RestApiCIMB\target\test-classes;C:\Users\user\eclipse-workspace\RestApiCIMB\target\classes;C:\Users\user\.m2\repository\org\testng\testng\7.1.0\testng-7.1.0.jar;C:\Users\user\.m2\repository\com\beust\jcommander\1.72\jcommander-1.72.jar;C:\Users\user\.m2\repository\com\google\inject\guice\4.1.0\guice-4.1.0-no_aop.jar;C:\Users\user\.m2\repository\javax\inject\javax.inject\1\javax.inject-1.jar;C:\Users\user\.m2\repository\aopalliance\aopalliance\1.0\aopalliance-1.0.jar;C:\Users\user\.m2\repository\com\google\guava\guava\19.0\guava-19.0.jar;C:\Users\user\.m2\repository\org\yaml\snakeyaml\1.21\snakeyaml-1.21.jar;C:\Users\user\.m2\repository\io\rest-assured\rest-assured\5.2.0\rest-assured-5.2.0.jar;C:\Users\user\.m2\repository\org\apache\groovy\groovy\4.0.1\groovy-4.0.1.jar;C:\Users\user\.m2\repository\org\apache\groovy\groovy-xml\4.0.1\groovy-xml-4.0.1.jar;C:\Users\user\.m2\repository\org\apache\httpcomponents\httpclient\4.5.13\httpclient-4.5.13.jar;C:\Users\user\.m2\repository\org\apache\httpcomponents\httpcore\4.4.13\httpcore-4.4.13.jar;C:\Users\user\.m2\repository\commons-logging\commons-logging\1.2\commons-logging-1.2.jar;C:\Users\user\.m2\repository\org\apache\httpcomponents\httpmime\4.5.13\httpmime-4.5.13.jar;C:\Users\user\.m2\repository\org\hamcrest\hamcrest\2.1\hamcrest-2.1.jar;C:\Users\user\.m2\repository\org\ccil\cowan\tagsoup\tagsoup\1.2.1\tagsoup-1.2.1.jar;C:\Users\user\.m2\repository\io\rest-assured\json-path\5.2.0\json-path-5.2.0.jar;C:\Users\user\.m2\repository\org\apache\groovy\groovy-json\4.0.1\groovy-json-4.0.1.jar;C:\Users\user\.m2\repository\io\rest-assured\rest-assured-common\5.2.0\rest-assured-common-5.2.0.jar;C:\Users\user\.m2\repository\io\rest-assured\xml-path\5.2.0\xml-path-5.2.0.jar;C:\Users\user\.m2\repository\org\apache\commons\commons-lang3\3.11\commons-lang3-3.11.jar;C:\Users\user\.m2\repository\com\googlecode\json-simple\json-simple\1.1.1\json-simple-1.1.1.jar;C:\Users\user\.m2\repository\junit\junit\4.10\junit-4.10.jar;C:\Users\user\.m2\repository\org\hamcrest\hamcrest-core\1.1\hamcrest-core-1.1.jar;C:\Users\user\.m2\repository\org\apache\poi\poi\5.2.3\poi-5.2.3.jar;C:\Users\user\.m2\repository\commons-codec\commons-codec\1.15\commons-codec-1.15.jar;C:\Users\user\.m2\repository\org\apache\commons\commons-collections4\4.4\commons-collections4-4.4.jar;C:\Users\user\.m2\repository\org\apache\commons\commons-math3\3.6.1\commons-math3-3.6.1.jar;C:\Users\user\.m2\repository\commons-io\commons-io\2.11.0\commons-io-2.11.0.jar;C:\Users\user\.m2\repository\com\zaxxer\SparseBitSet\1.2\SparseBitSet-1.2.jar;C:\Users\user\.m2\repository\org\apache\logging\log4j\log4j-api\2.18.0\log4j-api-2.18.0.jar;C:\Users\user\.m2\repository\org\apache\poi\poi-ooxml\5.2.3\poi-ooxml-5.2.3.jar;C:\Users\user\.m2\repository\org\apache\poi\poi-ooxml-lite\5.2.3\poi-ooxml-lite-5.2.3.jar;C:\Users\user\.m2\repository\org\apache\xmlbeans\xmlbeans\5.1.1\xmlbeans-5.1.1.jar;C:\Users\user\.m2\repository\xml-apis\xml-apis\1.4.01\xml-apis-1.4.01.jar;C:\Users\user\.m2\repository\org\apache\commons\commons-compress\1.21\commons-compress-1.21.jar;C:\Users\user\.m2\repository\com\github\virtuald\curvesapi\1.07\curvesapi-1.07.jar;C:\Users\user\.m2\repository\log4j\log4j\1.2.17\log4j-1.2.17.jar;C:\Users\user\.m2\repository\com\aventstack\extentreports\5.0.9\extentreports-5.0.9.jar;C:\Users\user\.m2\repository\io\reactivex\rxjava3\rxjava\3.0.4\rxjava-3.0.4.jar;C:\Users\user\.m2\repository\org\reactivestreams\reactive-streams\1.0.3\reactive-streams-1.0.3.jar;C:\Users\user\.m2\repository\org\freemarker\freemarker\2.3.30\freemarker-2.3.30.jar;C:\Users\user\.m2\repository\org\projectlombok\lombok\1.18.12\lombok-1.18.12.jar;C:\Users\user\.m2\repository\com\google\code\gson\gson\2.8.6\gson-2.8.6.jar;"/>
    <property name="java.vm.vendor" value="Oracle Corporation"/>
    <property name="sun.arch.data.model" value="64"/>
    <property name="user.variant" value=""/>
    <property name="java.vendor.url" value="http://java.oracle.com/"/>
    <property name="user.timezone" value="Asia/Singapore"/>
    <property name="java.vm.specification.version" value="1.8"/>
    <property name="os.name" value="Windows 10"/>
    <property name="user.country" value="MY"/>
    <property name="sun.java.launcher" value="SUN_STANDARD"/>
    <property name="sun.boot.library.path" value="C:\Program Files\Java\jdk1.8.0_202\jre\bin"/>
    <property name="sun.java.command" value="C:\Users\user\AppData\Local\Temp\surefire7763026172042409271\surefirebooter4651039566385434317.jar C:\Users\user\AppData\Local\Temp\surefire7763026172042409271 2022-10-20T00-54-07_625-jvmRun1 surefire5377946495747064007tmp surefire_05058583130637730091tmp"/>
    <property name="surefire.test.class.path" value="C:\Users\user\eclipse-workspace\RestApiCIMB\target\test-classes;C:\Users\user\eclipse-workspace\RestApiCIMB\target\classes;C:\Users\user\.m2\repository\org\testng\testng\7.1.0\testng-7.1.0.jar;C:\Users\user\.m2\repository\com\beust\jcommander\1.72\jcommander-1.72.jar;C:\Users\user\.m2\repository\com\google\inject\guice\4.1.0\guice-4.1.0-no_aop.jar;C:\Users\user\.m2\repository\javax\inject\javax.inject\1\javax.inject-1.jar;C:\Users\user\.m2\repository\aopalliance\aopalliance\1.0\aopalliance-1.0.jar;C:\Users\user\.m2\repository\com\google\guava\guava\19.0\guava-19.0.jar;C:\Users\user\.m2\repository\org\yaml\snakeyaml\1.21\snakeyaml-1.21.jar;C:\Users\user\.m2\repository\io\rest-assured\rest-assured\5.2.0\rest-assured-5.2.0.jar;C:\Users\user\.m2\repository\org\apache\groovy\groovy\4.0.1\groovy-4.0.1.jar;C:\Users\user\.m2\repository\org\apache\groovy\groovy-xml\4.0.1\groovy-xml-4.0.1.jar;C:\Users\user\.m2\repository\org\apache\httpcomponents\httpclient\4.5.13\httpclient-4.5.13.jar;C:\Users\user\.m2\repository\org\apache\httpcomponents\httpcore\4.4.13\httpcore-4.4.13.jar;C:\Users\user\.m2\repository\commons-logging\commons-logging\1.2\commons-logging-1.2.jar;C:\Users\user\.m2\repository\org\apache\httpcomponents\httpmime\4.5.13\httpmime-4.5.13.jar;C:\Users\user\.m2\repository\org\hamcrest\hamcrest\2.1\hamcrest-2.1.jar;C:\Users\user\.m2\repository\org\ccil\cowan\tagsoup\tagsoup\1.2.1\tagsoup-1.2.1.jar;C:\Users\user\.m2\repository\io\rest-assured\json-path\5.2.0\json-path-5.2.0.jar;C:\Users\user\.m2\repository\org\apache\groovy\groovy-json\4.0.1\groovy-json-4.0.1.jar;C:\Users\user\.m2\repository\io\rest-assured\rest-assured-common\5.2.0\rest-assured-common-5.2.0.jar;C:\Users\user\.m2\repository\io\rest-assured\xml-path\5.2.0\xml-path-5.2.0.jar;C:\Users\user\.m2\repository\org\apache\commons\commons-lang3\3.11\commons-lang3-3.11.jar;C:\Users\user\.m2\repository\com\googlecode\json-simple\json-simple\1.1.1\json-simple-1.1.1.jar;C:\Users\user\.m2\repository\junit\junit\4.10\junit-4.10.jar;C:\Users\user\.m2\repository\org\hamcrest\hamcrest-core\1.1\hamcrest-core-1.1.jar;C:\Users\user\.m2\repository\org\apache\poi\poi\5.2.3\poi-5.2.3.jar;C:\Users\user\.m2\repository\commons-codec\commons-codec\1.15\commons-codec-1.15.jar;C:\Users\user\.m2\repository\org\apache\commons\commons-collections4\4.4\commons-collections4-4.4.jar;C:\Users\user\.m2\repository\org\apache\commons\commons-math3\3.6.1\commons-math3-3.6.1.jar;C:\Users\user\.m2\repository\commons-io\commons-io\2.11.0\commons-io-2.11.0.jar;C:\Users\user\.m2\repository\com\zaxxer\SparseBitSet\1.2\SparseBitSet-1.2.jar;C:\Users\user\.m2\repository\org\apache\logging\log4j\log4j-api\2.18.0\log4j-api-2.18.0.jar;C:\Users\user\.m2\repository\org\apache\poi\poi-ooxml\5.2.3\poi-ooxml-5.2.3.jar;C:\Users\user\.m2\repository\org\apache\poi\poi-ooxml-lite\5.2.3\poi-ooxml-lite-5.2.3.jar;C:\Users\user\.m2\repository\org\apache\xmlbeans\xmlbeans\5.1.1\xmlbeans-5.1.1.jar;C:\Users\user\.m2\repository\xml-apis\xml-apis\1.4.01\xml-apis-1.4.01.jar;C:\Users\user\.m2\repository\org\apache\commons\commons-compress\1.21\commons-compress-1.21.jar;C:\Users\user\.m2\repository\com\github\virtuald\curvesapi\1.07\curvesapi-1.07.jar;C:\Users\user\.m2\repository\log4j\log4j\1.2.17\log4j-1.2.17.jar;C:\Users\user\.m2\repository\com\aventstack\extentreports\5.0.9\extentreports-5.0.9.jar;C:\Users\user\.m2\repository\io\reactivex\rxjava3\rxjava\3.0.4\rxjava-3.0.4.jar;C:\Users\user\.m2\repository\org\reactivestreams\reactive-streams\1.0.3\reactive-streams-1.0.3.jar;C:\Users\user\.m2\repository\org\freemarker\freemarker\2.3.30\freemarker-2.3.30.jar;C:\Users\user\.m2\repository\org\projectlombok\lombok\1.18.12\lombok-1.18.12.jar;C:\Users\user\.m2\repository\com\google\code\gson\gson\2.8.6\gson-2.8.6.jar;"/>
    <property name="sun.cpu.endian" value="little"/>
    <property name="user.home" value="C:\Users\user"/>
    <property name="user.language" value="en"/>
    <property name="java.specification.vendor" value="Oracle Corporation"/>
    <property name="java.home" value="C:\Program Files\Java\jdk1.8.0_202\jre"/>
    <property name="basedir" value="C:\Users\user\eclipse-workspace\RestApiCIMB"/>
    <property name="file.separator" value="\"/>
    <property name="line.separator" value="&#10;"/>
    <property name="java.vm.specification.vendor" value="Oracle Corporation"/>
    <property name="java.specification.name" value="Java Platform API Specification"/>
    <property name="java.awt.graphicsenv" value="sun.awt.Win32GraphicsEnvironment"/>
    <property name="surefire.real.class.path" value="C:\Users\user\AppData\Local\Temp\surefire7763026172042409271\surefirebooter4651039566385434317.jar"/>
    <property name="sun.boot.class.path" value="C:\Program Files\Java\jdk1.8.0_202\jre\lib\resources.jar;C:\Program Files\Java\jdk1.8.0_202\jre\lib\rt.jar;C:\Program Files\Java\jdk1.8.0_202\jre\lib\sunrsasign.jar;C:\Program Files\Java\jdk1.8.0_202\jre\lib\jsse.jar;C:\Program Files\Java\jdk1.8.0_202\jre\lib\jce.jar;C:\Program Files\Java\jdk1.8.0_202\jre\lib\charsets.jar;C:\Program Files\Java\jdk1.8.0_202\jre\lib\jfr.jar;C:\Program Files\Java\jdk1.8.0_202\jre\classes"/>
    <property name="user.script" value=""/>
    <property name="sun.management.compiler" value="HotSpot 64-Bit Tiered Compilers"/>
    <property name="java.runtime.version" value="1.8.0_202-b08"/>
    <property name="user.name" value="user"/>
    <property name="path.separator" value=";"/>
    <property name="os.version" value="10.0"/>
    <property name="java.endorsed.dirs" value="C:\Program Files\Java\jdk1.8.0_202\jre\lib\endorsed"/>
    <property name="java.runtime.name" value="Java(TM) SE Runtime Environment"/>
    <property name="file.encoding" value="Cp1252"/>
    <property name="java.vm.name" value="Java HotSpot(TM) 64-Bit Server VM"/>
    <property name="localRepository" value="C:\Users\user\.m2\repository"/>
    <property name="java.vendor.url.bug" value="http://bugreport.sun.com/bugreport/"/>
    <property name="java.io.tmpdir" value="C:\Users\user\AppData\Local\Temp\"/>
    <property name="java.version" value="1.8.0_202"/>
    <property name="user.dir" value="C:\Users\user\eclipse-workspace\RestApiCIMB"/>
    <property name="os.arch" value="amd64"/>
    <property name="java.vm.specification.name" value="Java Virtual Machine Specification"/>
    <property name="java.awt.printerjob" value="sun.awt.windows.WPrinterJob"/>
    <property name="sun.os.patch.level" value=""/>
    <property name="java.library.path" value="C:\Program Files\Java\jdk1.8.0_202\jre\bin;C:\Windows\Sun\Java\bin;C:\Windows\system32;C:\Windows;C:\Program Files\Common Files\Oracle\Java\javapath;C:\Program Files (x86)\Common Files\Oracle\Java\javapath;C:\Windows\system32;C:\Windows;C:\Windows\System32\Wbem;C:\Windows\System32\WindowsPowerShell\v1.0\;C:\Windows\System32\OpenSSH\;C:\Program Files\Java\java-se-8u41-ri\bin;C:\Program Files\PuTTY\;C:\Program Files\Git\cmd;C:\Users\user\AppData\Local\Programs\Python\Python310\;C:\Program Files\nodejs\;C:\MySoftwares\gradle-7.3.3\bin;C:\Program Files\Java\jdk1.8.0_202\bin;C:\Users\user\AppData\Local\Programs\Python\Python310\Scripts\;C:\Program Files\dotnet\;C:\Program Files\Microsoft SQL Server\130\Tools\Binn\;C:\Program Files\Microsoft SQL Server\Client SDK\ODBC\170\Tools\Binn\;C:\apache-maven-3.8.5\bin;C:\MySoftwares\apache-maven-3.8.5\bin;C:\Program Files\Java\jdk1.8.0_202;C:\Program Files\Java\jdk1.8.0_202\bin;C:\apache-maven-3.8.5;C:\Program Files\Android\Android Studio\bin;C:\Users\user\AppData\Local\Android\Sdk\build-tools;C:\Users\user\AppData\Local\Android\Sdk\tools;C:\Users\user\AppData\Local\Android\Sdk\platform-tools;C:\MySoftwares\allure-commandline-2.19.0\allure-2.19.0\bin;C:\apache-maven-3.8.5\bin;C:\apache-maven-3.8.5;;C:\Program Files\Docker\Docker\resources\bin;C:\ProgramData\DockerDesktop\version-bin;C:\Program Files\MySQL\MySQL Shell 8.0\bin\;C:\Users\user\AppData\Local\Programs\allure-2.16.0\bin;C:\Users\user\AppData\Local\Programs\Python\Python310\Scripts\;C:\Users\user\AppData\Local\Programs\Python\Python310\;C:\Users\user\AppData\Local\Microsoft\WindowsApps;C:\Program Files\JetBrains\PyCharm Community Edition 2021.2.2\bin;;C:\Users\user\AppData\Roaming\npm;C:\Users\user\.dotnet\tools;C:\Program Files\JetBrains\IntelliJ IDEA Community Edition 2022.1.1\bin;;;."/>
    <property name="java.vm.info" value="mixed mode"/>
    <property name="java.vendor" value="Oracle Corporation"/>
    <property name="java.vm.version" value="25.202-b08"/>
    <property name="java.ext.dirs" value="C:\Program Files\Java\jdk1.8.0_202\jre\lib\ext;C:\Windows\Sun\Java\lib\ext"/>
    <property name="sun.io.unicode.encoding" value="UnicodeLittle"/>
    <property name="java.class.version" value="52.0"/>
  </properties>
  <testcase name="verfy_header_connection" classname="testCases.UpdateTaskContent_SCN04" time="0.021">
    <failure type="java.lang.NullPointerException">java.lang.NullPointerException
	at testCases.UpdateTaskContent_SCN04.verfy_header_connection(UpdateTaskContent_SCN04.java:80)
</failure>
    <system-out><![CDATA[10-20-2022 00:54:11 CreateNewProject_SCN02.java INFO  [TestNG-test=Test-2] todoistAPI 31 - *** SCN02 Started *******
10-20-2022 00:54:11 CreateNewTask_SCN03.java INFO  [TestNG-test=Test-4] todoistAPI 30 - *** SCN03 Started *******
10-20-2022 00:54:11 UpdateTaskContent_SCN04.java INFO  [TestNG-test=Test-3] todoistAPI 31 - *** SCN04 Started *******
10-20-2022 00:54:11 GetProjects_SCN01.java INFO  [TestNG-test=Test-1] todoistAPI 23 - *** SCN01 started *******
10-20-2022 00:54:11 GetProjects_SCN01.java INFO  [TestNG-test=Test-1] todoistAPI 25 - *** started getting project details***
]]></system-out>
    <system-err><![CDATA[ERROR StatusLogger Log4j2 could not find a logging implementation. Please add log4j-core to the classpath. Using SimpleLogger to log to the console...
]]></system-err>
  </testcase>
  <testcase name="verfy_header_connection" classname="testCases.CreateNewProject_SCN02" time="0.022">
    <failure type="java.lang.NullPointerException">java.lang.NullPointerException
	at testCases.CreateNewProject_SCN02.verfy_header_connection(CreateNewProject_SCN02.java:87)
</failure>
  </testcase>
  <testcase name="verfy_header_connection" classname="testCases.CreateNewTask_SCN03" time="0.022">
    <failure type="java.lang.NullPointerException">java.lang.NullPointerException
	at testCases.CreateNewTask_SCN03.verfy_header_connection(CreateNewTask_SCN03.java:95)
</failure>
  </testcase>
  <testcase name="verfy_header_content_type" classname="testCases.CreateNewProject_SCN02" time="0.001">
    <failure type="java.lang.NullPointerException">java.lang.NullPointerException
	at testCases.CreateNewProject_SCN02.verfy_header_content_type(CreateNewProject_SCN02.java:94)
</failure>
  </testcase>
  <testcase name="verfy_header_content_type" classname="testCases.CreateNewTask_SCN03" time="0.001">
    <failure type="java.lang.NullPointerException">java.lang.NullPointerException
	at testCases.CreateNewTask_SCN03.verfy_header_content_type(CreateNewTask_SCN03.java:102)
</failure>
  </testcase>
  <testcase name="verfy_header_content_type" classname="testCases.UpdateTaskContent_SCN04" time="0.001">
    <failure type="java.lang.NullPointerException">java.lang.NullPointerException
	at testCases.UpdateTaskContent_SCN04.verfy_header_content_type(UpdateTaskContent_SCN04.java:87)
</failure>
  </testcase>
  <testcase name="verify_created_project_name" classname="testCases.CreateNewProject_SCN02" time="0.001">
    <failure type="java.lang.NullPointerException">java.lang.NullPointerException
	at testCases.CreateNewProject_SCN02.verify_created_project_name(CreateNewProject_SCN02.java:81)
</failure>
  </testcase>
  <testcase name="verify_created_task_name" classname="testCases.CreateNewTask_SCN03" time="0.001">
    <failure type="java.lang.NullPointerException">java.lang.NullPointerException
	at testCases.CreateNewTask_SCN03.verify_created_task_name(CreateNewTask_SCN03.java:82)
</failure>
  </testcase>
  <testcase name="verify_project_id_for_task" classname="testCases.CreateNewTask_SCN03" time="0">
    <failure type="java.lang.NullPointerException">java.lang.NullPointerException
	at testCases.CreateNewTask_SCN03.verify_project_id_for_task(CreateNewTask_SCN03.java:88)
</failure>
  </testcase>
  <testcase name="verify_status_code" classname="testCases.UpdateTaskContent_SCN04" time="0.002">
    <failure type="java.lang.NullPointerException">java.lang.NullPointerException
	at testCases.UpdateTaskContent_SCN04.verify_status_code(UpdateTaskContent_SCN04.java:68)
</failure>
  </testcase>
  <testcase name="verify_status_code" classname="testCases.CreateNewProject_SCN02" time="0.002">
    <failure type="java.lang.NullPointerException">java.lang.NullPointerException
	at testCases.CreateNewProject_SCN02.verify_status_code(CreateNewProject_SCN02.java:69)
</failure>
  </testcase>
  <testcase name="verify_status_code" classname="testCases.CreateNewTask_SCN03" time="0.001">
    <failure type="java.lang.NullPointerException">java.lang.NullPointerException
	at testCases.CreateNewTask_SCN03.verify_status_code(CreateNewTask_SCN03.java:70)
</failure>
  </testcase>
  <testcase name="check_header_content_type" classname="testCases.GetProjects_SCN01" time="0.003"/>
  <testcase name="check_response_body" classname="testCases.GetProjects_SCN01" time="0.012"/>
  <testcase name="check_response_time" classname="testCases.GetProjects_SCN01" time="0.004"/>
  <testcase name="check_status_code" classname="testCases.GetProjects_SCN01" time="0.001"/>
  <testcase name="check_status_line" classname="testCases.GetProjects_SCN01" time="0.001"/>
  <testcase name="createNewTask_verify_response_not_null" classname="testCases.CreateNewTask_SCN03" time="0.444"/>
  <testcase name="createNewTask_verify_response_not_null" classname="testCases.CreateNewTask_SCN03" time="4.594"/>
  <testcase name="createNewTask_verify_response_not_null" classname="testCases.CreateNewTask_SCN03" time="4.068"/>
  <testcase name="createNewTask_verify_response_not_null" classname="testCases.CreateNewTask_SCN03" time="3.978"/>
  <testcase name="createNewProject_Verify_response_not_null" classname="testCases.CreateNewProject_SCN02" time="0.444"/>
  <testcase name="createNewProject_Verify_response_not_null" classname="testCases.CreateNewProject_SCN02" time="0.713"/>
  <testcase name="createNewProject_Verify_response_not_null" classname="testCases.CreateNewProject_SCN02" time="0.805"/>
  <testcase name="createNewProject_Verify_response_not_null" classname="testCases.CreateNewProject_SCN02" time="4.607"/>
  <testcase name="updateTaskContent_verify_response_not_null" classname="testCases.UpdateTaskContent_SCN04" time="0.296"/>
  <testcase name="updateTaskContent_verify_response_not_null" classname="testCases.UpdateTaskContent_SCN04" time="0.299"/>
  <testcase name="updateTaskContent_verify_response_not_null" classname="testCases.UpdateTaskContent_SCN04" time="0.11"/>
  <testcase name="updateTaskContent_verify_response_not_null" classname="testCases.UpdateTaskContent_SCN04" time="3.633"/>
</testsuite>