<?xml version="1.0" encoding="UTF-8"?>
<!-- Generated by org.testng.reporters.JUnitReportReporter -->
<testsuite hostname="DESKTOP-R8LNRUV" failures="0" tests="5" name="testCases.GetProjects_SCN01" time="0.029" errors="0" timestamp="2022-10-19T23:36:45 MYT" skipped="0">
  <testcase classname="testCases.GetProjects_SCN01" name="check_status_line" time="0.001"/>
  <system-out/>
  <testcase classname="testCases.GetProjects_SCN01" name="check_response_body" time="0.022"/>
  <system-out/>
  <testcase classname="testCases.GetProjects_SCN01" name="check_header_content_type" time="0.003"/>
  <system-out/>
  <testcase classname="testCases.GetProjects_SCN01" name="check_status_code" time="0.000"/>
  <system-out/>
  <testcase classname="testCases.GetProjects_SCN01" name="check_response_time" time="0.003"/>
  <system-out/>
</testsuite> <!-- testCases.GetProjects_SCN01 -->
