<?xml version="1.0" encoding="UTF-8"?>
<!-- Generated by org.testng.reporters.JUnitReportReporter -->
<testsuite hostname="DESKTOP-R8LNRUV" failures="0" tests="1" name="testCases.Temp" time="0.352" errors="0" timestamp="2022-10-19T23:33:40 MYT" skipped="0">
  <testcase classname="testCases.Temp" name="test1" time="0.352"/>
  <system-out/>
</testsuite> <!-- testCases.Temp -->
