<?xml version="1.0" encoding="UTF-8"?>
<!-- Generated by org.testng.reporters.JUnitReportReporter -->
<testsuite hostname="DESKTOP-R8LNRUV" failures="0" tests="5" name="testCases.GetProjects_TC01" time="0.058" errors="0" timestamp="2022-10-19T17:52:45 MYT" skipped="0">
  <testcase classname="testCases.GetProjects_TC01" name="check_response_body" time="0.040"/>
  <system-out/>
  <testcase classname="testCases.GetProjects_TC01" name="check_status_line" time="0.002"/>
  <system-out/>
  <testcase classname="testCases.GetProjects_TC01" name="check_header_content_type" time="0.011"/>
  <system-out/>
  <testcase classname="testCases.GetProjects_TC01" name="check_status_code" time="0.001"/>
  <system-out/>
  <testcase classname="testCases.GetProjects_TC01" name="check_response_time" time="0.004"/>
  <system-out/>
</testsuite> <!-- testCases.GetProjects_TC01 -->
